# JRE version: OpenJDK Runtime Environment (11.0.8+10) (build 11.0.8+10-b944.6842174)
# Java VM: OpenJDK 64-Bit Server VM (11.0.8+10-b944.6842174, mixed mode, tiered, compressed oops, g1 gc, windows-amd64)
Heap:
 garbage-first heap   total 338944K, used 193024K [0x00000000a0000000, 0x0000000100000000)
  region size 1024K, 45 young (46080K), 2 survivors (2048K)
 Metaspace       used 186106K, capacity 190456K, committed 192420K, reserved 1216512K
  class space    used 23086K, capacity 24754K, committed 25344K, reserved 1048576K
GC Heap History (20 events):
Event: 496.891 GC heap before
{Heap before GC invocations=81 (full 0):
 garbage-first heap   total 338944K, used 305194K [0x00000000a0000000, 0x0000000100000000)
  region size 1024K, 94 young (96256K), 7 survivors (7168K)
 Metaspace       used 183709K, capacity 188642K, committed 188964K, reserved 1214464K
  class space    used 22974K, capacity 24881K, committed 24960K, reserved 1048576K
}
Event: 496.896 GC heap after
{Heap after GC invocations=82 (full 0):
 garbage-first heap   total 338944K, used 170636K [0x00000000a0000000, 0x0000000100000000)
  region size 1024K, 4 young (4096K), 4 survivors (4096K)
 Metaspace       used 183709K, capacity 188642K, committed 188964K, reserved 1214464K
  class space    used 22974K, capacity 24881K, committed 24960K, reserved 1048576K
}
Event: 1063.342 GC heap before
{Heap before GC invocations=82 (full 0):
 garbage-first heap   total 338944K, used 181900K [0x00000000a0000000, 0x0000000100000000)
  region size 1024K, 16 young (16384K), 4 survivors (4096K)
 Metaspace       used 183788K, capacity 188770K, committed 188964K, reserved 1214464K
  class space    used 22974K, capacity 24881K, committed 24960K, reserved 1048576K
}
Event: 1063.351 GC heap after
{Heap after GC invocations=83 (full 0):
 garbage-first heap   total 338944K, used 167291K [0x00000000a0000000, 0x0000000100000000)
  region size 1024K, 1 young (1024K), 1 survivors (1024K)
 Metaspace       used 183788K, capacity 188770K, committed 188964K, reserved 1214464K
  class space    used 22974K, capacity 24881K, committed 24960K, reserved 1048576K
}
Event: 2509.649 GC heap before
{Heap before GC invocations=83 (full 0):
 garbage-first heap   total 338944K, used 206203K [0x00000000a0000000, 0x0000000100000000)
  region size 1024K, 40 young (40960K), 1 survivors (1024K)
 Metaspace       used 184147K, capacity 189133K, committed 189220K, reserved 1214464K
  class space    used 23027K, capacity 24938K, committed 24960K, reserved 1048576K
}
Event: 2509.654 GC heap after
{Heap after GC invocations=84 (full 0):
 garbage-first heap   total 338944K, used 167631K [0x00000000a0000000, 0x0000000100000000)
  region size 1024K, 2 young (2048K), 2 survivors (2048K)
 Metaspace       used 184147K, capacity 189133K, committed 189220K, reserved 1214464K
  class space    used 23027K, capacity 24938K, committed 24960K, reserved 1048576K
}
Event: 2510.678 GC heap before
{Heap before GC invocations=85 (full 0):
 garbage-first heap   total 338944K, used 251599K [0x00000000a0000000, 0x0000000100000000)
  region size 1024K, 84 young (86016K), 2 survivors (2048K)
 Metaspace       used 186232K, capacity 190669K, committed 192420K, reserved 1216512K
  class space    used 23109K, capacity 24799K, committed 25344K, reserved 1048576K
}
Event: 2510.695 GC heap after
{Heap after GC invocations=86 (full 0):
 garbage-first heap   total 338944K, used 191027K [0x00000000a0000000, 0x0000000100000000)
  region size 1024K, 11 young (11264K), 11 survivors (11264K)
 Metaspace       used 186232K, capacity 190669K, committed 192420K, reserved 1216512K
  class space    used 23109K, capacity 24799K, committed 25344K, reserved 1048576K
}
Event: 2510.712 GC heap before
{Heap before GC invocations=86 (full 0):
 garbage-first heap   total 338944K, used 196147K [0x00000000a0000000, 0x0000000100000000)
  region size 1024K, 16 young (16384K), 11 survivors (11264K)
 Metaspace       used 186232K, capacity 190669K, committed 192420K, reserved 1216512K
  class space    used 23109K, capacity 24799K, committed 25344K, reserved 1048576K
}
Event: 2510.724 GC heap after
{Heap after GC invocations=87 (full 0):
 garbage-first heap   total 338944K, used 161408K [0x00000000a0000000, 0x0000000100000000)
  region size 1024K, 2 young (2048K), 2 survivors (2048K)
 Metaspace       used 186232K, capacity 190669K, committed 192420K, reserved 1216512K
  class space    used 23109K, capacity 24799K, committed 25344K, reserved 1048576K
}
Event: 2510.757 GC heap before
{Heap before GC invocations=87 (full 0):
 garbage-first heap   total 338944K, used 175744K [0x00000000a0000000, 0x0000000100000000)
  region size 1024K, 16 young (16384K), 2 survivors (2048K)
 Metaspace       used 186233K, capacity 190669K, committed 192420K, reserved 1216512K
  class space    used 23110K, capacity 24799K, committed 25344K, reserved 1048576K
}
Event: 2510.774 GC heap after
{Heap after GC invocations=88 (full 0):
 garbage-first heap   total 338944K, used 151529K [0x00000000a0000000, 0x0000000100000000)
  region size 1024K, 2 young (2048K), 2 survivors (2048K)
 Metaspace       used 186233K, capacity 190669K, committed 192420K, reserved 1216512K
  class space    used 23110K, capacity 24799K, committed 25344K, reserved 1048576K
}
Event: 2510.981 GC heap before
{Heap before GC invocations=88 (full 0):
 garbage-first heap   total 338944K, used 240617K [0x00000000a0000000, 0x0000000100000000)
  region size 1024K, 89 young (91136K), 2 survivors (2048K)
 Metaspace       used 186233K, capacity 190669K, committed 192420K, reserved 1216512K
  class space    used 23110K, capacity 24799K, committed 25344K, reserved 1048576K
}
Event: 2510.992 GC heap after
{Heap after GC invocations=89 (full 0):
 garbage-first heap   total 338944K, used 163840K [0x00000000a0000000, 0x0000000100000000)
  region size 1024K, 12 young (12288K), 12 survivors (12288K)
 Metaspace       used 186233K, capacity 190669K, committed 192420K, reserved 1216512K
  class space    used 23110K, capacity 24799K, committed 25344K, reserved 1048576K
}
Event: 2511.220 GC heap before
{Heap before GC invocations=90 (full 0):
 garbage-first heap   total 338944K, used 244736K [0x00000000a0000000, 0x0000000100000000)
  region size 1024K, 96 young (98304K), 12 survivors (12288K)
 Metaspace       used 186103K, capacity 190456K, committed 192420K, reserved 1216512K
  class space    used 23086K, capacity 24754K, committed 25344K, reserved 1048576K
}
Event: 2511.229 GC heap after
{Heap after GC invocations=91 (full 0):
 garbage-first heap   total 338944K, used 175285K [0x00000000a0000000, 0x0000000100000000)
  region size 1024K, 12 young (12288K), 12 survivors (12288K)
 Metaspace       used 186103K, capacity 190456K, committed 192420K, reserved 1216512K
  class space    used 23086K, capacity 24754K, committed 25344K, reserved 1048576K
}
Event: 2511.239 GC heap before
{Heap before GC invocations=91 (full 0):
 garbage-first heap   total 338944K, used 178357K [0x00000000a0000000, 0x0000000100000000)
  region size 1024K, 16 young (16384K), 12 survivors (12288K)
 Metaspace       used 186103K, capacity 190456K, committed 192420K, reserved 1216512K
  class space    used 23086K, capacity 24754K, committed 25344K, reserved 1048576K
}
Event: 2511.249 GC heap after
{Heap after GC invocations=92 (full 0):
 garbage-first heap   total 338944K, used 148992K [0x00000000a0000000, 0x0000000100000000)
  region size 1024K, 2 young (2048K), 2 survivors (2048K)
 Metaspace       used 186103K, capacity 190456K, committed 192420K, reserved 1216512K
  class space    used 23086K, capacity 24754K, committed 25344K, reserved 1048576K
}
Event: 2511.285 GC heap before
{Heap before GC invocations=92 (full 0):
 garbage-first heap   total 338944K, used 163328K [0x00000000a0000000, 0x0000000100000000)
  region size 1024K, 16 young (16384K), 2 survivors (2048K)
 Metaspace       used 186103K, capacity 190456K, committed 192420K, reserved 1216512K
  class space    used 23086K, capacity 24754K, committed 25344K, reserved 1048576K
}
Event: 2511.294 GC heap after
{Heap after GC invocations=93 (full 0):
 garbage-first heap   total 338944K, used 150016K [0x00000000a0000000, 0x0000000100000000)
  region size 1024K, 2 young (2048K), 2 survivors (2048K)
 Metaspace       used 186103K, capacity 190456K, committed 192420K, reserved 1216512K
  class space    used 23086K, capacity 24754K, committed 25344K, reserved 1048576K
}

